<?xml version="1.0" encoding="UTF-8"?>
<!-- Generated by org.testng.reporters.JUnitReportReporter -->
<testsuite skipped="0" hostname="LP-IN-NW147-02" name="com.test.LoginPageGenomicsTest" tests="1" failures="0" timestamp="2022-04-18T21:17:08 IST" time="50.572" errors="0">
  <testcase name="signIn" time="50.572" classname="com.test.LoginPageGenomicsTest"/>
  <system-out/>
</testsuite> <!-- com.test.LoginPageGenomicsTest -->
