<?xml version="1.0" encoding="UTF-8"?>
<!-- Generated by org.testng.reporters.JUnitReportReporter -->
<testsuite skipped="0" hostname="LP-IN-NW147-02" name="com.test.HomePageTest" tests="1" failures="0" timestamp="2022-04-25T20:30:37 IST" time="80.560" errors="0">
  <testcase name="myWishList" time="80.560" classname="com.test.HomePageTest"/>
  <system-out/>
</testsuite> <!-- com.test.HomePageTest -->
