<?xml version="1.0" encoding="UTF-8"?>
<!-- Generated by org.testng.reporters.JUnitReportReporter -->
<testsuite skipped="0" hostname="LP-IN-NW147-02" name="com.test.IndexPageTest" tests="2" failures="0" timestamp="2022-04-25T20:30:37 IST" time="36.792" errors="0">
  <testcase name="VerifyLogo" time="18.096" classname="com.test.IndexPageTest"/>
  <system-out/>
  <testcase name="VerifyTitle" time="18.696" classname="com.test.IndexPageTest"/>
  <system-out/>
</testsuite> <!-- com.test.IndexPageTest -->
